C:\USERS\JULIA\DOCUMENTS\GITHUB\ATM\ATM\WIN32\DEBUG\MAINWINDOW.OBJ
C:\USERS\JULIA\DOCUMENTS\GITHUB\ATM\ATM\WIN32\DEBUG\MAIN.OBJ
C:\USERS\JULIA\DOCUMENTS\GITHUB\ATM\ATM\WIN32\DEBUG\MOC_MAINWINDOW.OBJ
C:\USERS\JULIA\DOCUMENTS\GITHUB\ATM\ATM\WIN32\DEBUG\VC110.PDB
C:\USERS\JULIA\DOCUMENTS\GITHUB\ATM\ATM\GENERATEDFILES\DEBUG\MOC_MAINWINDOW.CPP
C:\USERS\JULIA\DOCUMENTS\GITHUB\ATM\ATM\GENERATEDFILES\UI_MAINWINDOW.H
C:\USERS\JULIA\DOCUMENTS\GITHUB\ATM\ATM\DEBUG\ATM.ILK
C:\USERS\JULIA\DOCUMENTS\GITHUB\ATM\ATM\DEBUG\ATM.EXE
C:\USERS\JULIA\DOCUMENTS\GITHUB\ATM\ATM\DEBUG\ATM.PDB
C:\Users\Julia\Documents\GitHub\ATM\ATM\Win32\Debug\main.obj
C:\Users\Julia\Documents\GitHub\ATM\ATM\Win32\Debug\mainwindow.obj
C:\Users\Julia\Documents\GitHub\ATM\ATM\Win32\Debug\moc_mainwindow.obj
C:\Users\Julia\Documents\GitHub\ATM\ATM\Win32\Debug\cl.command.1.tlog
C:\Users\Julia\Documents\GitHub\ATM\ATM\Win32\Debug\CL.read.1.tlog
C:\Users\Julia\Documents\GitHub\ATM\ATM\Win32\Debug\CL.write.1.tlog
C:\Users\Julia\Documents\GitHub\ATM\ATM\Win32\Debug\custombuild.command.1.tlog
C:\Users\Julia\Documents\GitHub\ATM\ATM\Win32\Debug\custombuild.read.1.tlog
C:\Users\Julia\Documents\GitHub\ATM\ATM\Win32\Debug\custombuild.write.1.tlog
C:\Users\Julia\Documents\GitHub\ATM\ATM\Win32\Debug\link-cvtres.read.1.tlog
C:\Users\Julia\Documents\GitHub\ATM\ATM\Win32\Debug\link-cvtres.write.1.tlog
C:\Users\Julia\Documents\GitHub\ATM\ATM\Win32\Debug\link-rc.read.1.tlog
C:\Users\Julia\Documents\GitHub\ATM\ATM\Win32\Debug\link-rc.write.1.tlog
C:\Users\Julia\Documents\GitHub\ATM\ATM\Win32\Debug\link.command.1.tlog
C:\Users\Julia\Documents\GitHub\ATM\ATM\Win32\Debug\link.read.1.tlog
C:\Users\Julia\Documents\GitHub\ATM\ATM\Win32\Debug\link.write.1.tlog
C:\Users\Julia\Documents\GitHub\ATM\ATM\Win32\Debug\vc110.pdb
C:\Users\Julia\Documents\GitHub\ATM\ATM\debug\ATM.exe
